<?xml version="1.0" encoding="utf-8"?><testsuites name="pytest tests"><testsuite name="pytest" errors="0" failures="0" skipped="0" tests="26" time="247.805" timestamp="2026-09-04T06:39:25.722810+00:00" hostname="agent-env-e91a0bcb-e113-4b2e-baed-3f05ed7533ec"><testcase classname="tests.sse_longevity_test" name="test_sse_reconnect_delivers_full_run" time="42.402" /><testcase classname="tests.backend_test" name="test_root" time="0.283" /><testcase classname="tests.backend_test" name="test_create_run_invalid_url[payload0]" time="0.051" /><testcase classname="tests.backend_test" name="test_create_run_invalid_url[payload1]" time="0.050" /><testcase classname="tests.backend_test" name="test_create_run_invalid_url[payload2]" time="0.052" /><testcase classname="tests.backend_test" name="test_create_run_missing_url" time="0.049" /><testcase classname="tests.backend_test" name="test_all_stages_done" time="60.945" /><testcase classname="tests.backend_test" name="test_event_types_persisted" time="0.000" /><testcase classname="tests.backend_test" name="test_report_summary" time="0.001" /><testcase classname="tests.backend_test" name="test_password_masked" time="0.101" /><testcase classname="tests.backend_test" name="test_list_runs" time="0.054" /><testcase classname="tests.backend_test" name="test_get_run_404" time="0.050" /><testcase classname="tests.backend_test" name="test_sse_stream" time="0.205" /><testcase classname="tests.backend_test" name="test_export_json" time="0.201" /><testcase classname="tests.backend_test" name="test_export_html" time="0.107" /><testcase classname="tests.backend_test" name="test_export_404" time="0.051" /><testcase classname="tests.backend_test" name="test_report_endpoint" time="0.054" /><testcase classname="tests.backend_test" name="test_pause_and_resume" time="63.941" /><testcase classname="tests.backend_test" name="test_resume_not_awaiting" time="0.046" /><testcase classname="tests.backend_test" name="test_events_endpoint_after_seq" time="0.143" /><testcase classname="tests.backend_test" name="test_report_stage_emits_stage_complete" time="0.000" /><testcase classname="tests.backend_test" name="test_stream_after_seq_replay" time="0.222" /><testcase classname="tests.backend_test" name="test_healer_produces_heals_and_sane_pass_rate" time="0.000" /><testcase classname="tests.backend_test" name="test_flow_count_capped_by_budget" time="65.734" /><testcase classname="tests.backend_test" name="test_resume_resets_evaluate_and_emits_resumed" time="54.788" /><testcase classname="tests.backend_test" name="test_no_zombie_running_runs" time="0.052" /></testsuite></testsuites>